0 info it worked if it ends with ok
1 verbose cli [ 'node', '/usr/local/bin/npm', 'install', 'socket.io-client' ]
2 info using npm@1.4.7
3 info using node@v0.10.24
4 warn package.json socket.io@1.0.0-pre No repository field.
5 verbose cache add [ 'socket.io-client', null ]
6 verbose cache add name=undefined spec="socket.io-client" args=["socket.io-client",null]
7 verbose parsed url { protocol: null,
7 verbose parsed url   slashes: null,
7 verbose parsed url   auth: null,
7 verbose parsed url   host: null,
7 verbose parsed url   port: null,
7 verbose parsed url   hostname: null,
7 verbose parsed url   hash: null,
7 verbose parsed url   search: null,
7 verbose parsed url   query: null,
7 verbose parsed url   pathname: 'socket.io-client',
7 verbose parsed url   path: 'socket.io-client',
7 verbose parsed url   href: 'socket.io-client' }
8 silly lockFile 4e0afff2-socket-io-client socket.io-client
9 verbose lock socket.io-client /Users/davidboultbee/.npm/4e0afff2-socket-io-client.lock
10 silly lockFile 4e0afff2-socket-io-client socket.io-client
11 silly lockFile 4e0afff2-socket-io-client socket.io-client
12 verbose addNamed [ 'socket.io-client', '' ]
13 verbose addNamed [ null, '*' ]
14 silly lockFile 2972a950-socket-io-client socket.io-client@
15 verbose lock socket.io-client@ /Users/davidboultbee/.npm/2972a950-socket-io-client.lock
16 silly addNameRange { name: 'socket.io-client', range: '*', hasData: false }
17 verbose url raw socket.io-client
18 verbose url resolving [ 'https://registry.npmjs.org/', './socket.io-client' ]
19 verbose url resolved https://registry.npmjs.org/socket.io-client
20 info trying registry request attempt 1 at 15:09:10
21 verbose etag "BON59QGE0UV97QFCOK7Y8N7AF"
22 http GET https://registry.npmjs.org/socket.io-client
23 http 304 https://registry.npmjs.org/socket.io-client
24 silly registry.get cb [ 304,
24 silly registry.get   { date: 'Thu, 28 Aug 2014 14:09:10 GMT',
24 silly registry.get     server: 'Apache',
24 silly registry.get     via: '1.1 varnish',
24 silly registry.get     'last-modified': 'Thu, 28 Aug 2014 14:09:10 GMT',
24 silly registry.get     'cache-control': 'max-age=60',
24 silly registry.get     etag: '"BON59QGE0UV97QFCOK7Y8N7AF"',
24 silly registry.get     'x-served-by': 'cache-lo82-LHR',
24 silly registry.get     'x-cache': 'HIT',
24 silly registry.get     'x-cache-hits': '1',
24 silly registry.get     'x-timer': 'S1409234950.824565,VS0,VE89',
24 silly registry.get     vary: 'Accept',
24 silly registry.get     'content-length': '0',
24 silly registry.get     'keep-alive': 'timeout=10, max=50',
24 silly registry.get     connection: 'Keep-Alive' } ]
25 verbose etag socket.io-client from cache
26 silly addNameRange number 2 { name: 'socket.io-client', range: '*', hasData: true }
27 silly addNameRange versions [ 'socket.io-client',
27 silly addNameRange   [ '0.7.0',
27 silly addNameRange     '0.7.1',
27 silly addNameRange     '0.7.2',
27 silly addNameRange     '0.7.3',
27 silly addNameRange     '0.7.4',
27 silly addNameRange     '0.7.5',
27 silly addNameRange     '0.7.9',
27 silly addNameRange     '0.7.10',
27 silly addNameRange     '0.7.11',
27 silly addNameRange     '0.8.0',
27 silly addNameRange     '0.8.1',
27 silly addNameRange     '0.8.2',
27 silly addNameRange     '0.8.3',
27 silly addNameRange     '0.8.4',
27 silly addNameRange     '0.8.5',
27 silly addNameRange     '0.8.6',
27 silly addNameRange     '0.8.7',
27 silly addNameRange     '0.9.0',
27 silly addNameRange     '0.9.1',
27 silly addNameRange     '0.9.1-1',
27 silly addNameRange     '0.9.2',
27 silly addNameRange     '0.9.3',
27 silly addNameRange     '0.9.4',
27 silly addNameRange     '0.9.5',
27 silly addNameRange     '0.9.6',
27 silly addNameRange     '0.9.7',
27 silly addNameRange     '0.9.8',
27 silly addNameRange     '0.9.9',
27 silly addNameRange     '0.9.10',
27 silly addNameRange     '0.9.11',
27 silly addNameRange     '0.9.15',
27 silly addNameRange     '0.9.16',
27 silly addNameRange     '1.0.0-pre',
27 silly addNameRange     '1.0.0-pre2',
27 silly addNameRange     '1.0.0-pre3',
27 silly addNameRange     '1.0.0-pre4',
27 silly addNameRange     '1.0.0-pre5',
27 silly addNameRange     '0.9.17',
27 silly addNameRange     '1.0.1',
27 silly addNameRange     '1.0.2',
27 silly addNameRange     '1.0.3',
27 silly addNameRange     '1.0.4',
27 silly addNameRange     '1.0.5',
27 silly addNameRange     '1.0.6' ] ]
28 verbose addNamed [ 'socket.io-client', '1.0.6' ]
29 verbose addNamed [ '1.0.6', '1.0.6' ]
30 silly lockFile 67812bbe-socket-io-client-1-0-6 socket.io-client@1.0.6
31 verbose lock socket.io-client@1.0.6 /Users/davidboultbee/.npm/67812bbe-socket-io-client-1-0-6.lock
32 silly lockFile 67812bbe-socket-io-client-1-0-6 socket.io-client@1.0.6
33 silly lockFile 67812bbe-socket-io-client-1-0-6 socket.io-client@1.0.6
34 silly lockFile 2972a950-socket-io-client socket.io-client@
35 silly lockFile 2972a950-socket-io-client socket.io-client@
36 silly resolved [ { name: 'socket.io-client',
36 silly resolved     version: '1.0.6',
36 silly resolved     keywords: [ 'realtime', 'framework', 'websocket', 'tcp', 'events', 'client' ],
36 silly resolved     dependencies:
36 silly resolved      { debug: '0.7.4',
36 silly resolved        'engine.io-client': '1.3.1',
36 silly resolved        'component-bind': '1.0.0',
36 silly resolved        'component-emitter': '1.1.2',
36 silly resolved        'object-component': '0.0.3',
36 silly resolved        'socket.io-parser': '2.2.0',
36 silly resolved        'has-binary-data': '0.1.1',
36 silly resolved        indexof: '0.0.1',
36 silly resolved        parseuri: '0.0.2',
36 silly resolved        'to-array': '0.1.3' },
36 silly resolved     devDependencies:
36 silly resolved      { 'socket.io': '1.0.6',
36 silly resolved        mocha: '1.16.2',
36 silly resolved        zuul: '1.6.3',
36 silly resolved        istanbul: '0.2.1',
36 silly resolved        'expect.js': '0.2.0',
36 silly resolved        'uglify-js': '2.4.8',
36 silly resolved        browserify: '2.35.1',
36 silly resolved        'base64-arraybuffer': '0.1.0',
36 silly resolved        'text-blob-builder': '0.0.1',
36 silly resolved        'has-cors': '1.0.3' },
36 silly resolved     scripts: { test: 'make test' },
36 silly resolved     contributors: [ [Object], [Object], [Object], [Object] ],
36 silly resolved     repository:
36 silly resolved      { type: 'git',
36 silly resolved        url: 'https://github.com/LearnBoost/socket.io-client.git' },
36 silly resolved     license: 'MIT',
36 silly resolved     readme: '\n# socket.io-client\n\n[![Build Status](https://secure.travis-ci.org/Automattic/socket.io-client.png)](http://travis-ci.org/Automattic/socket.io-client)\n[![NPM version](https://badge.fury.io/js/socket.io-client.png)](http://badge.fury.io/js/socket.io-client)\n\n## How to use\n\nA standalone build of `socket.io-client` is exposed automatically by the\nsocket.io server as `/socket.io/socket.io.js`. Alternatively you can\nserve the file `socket.io.js` found at the root of this repository.\n\n```html\n<script src="/socket.io/socket.io.js"></script>\n<script>\n  var socket = io(\'http://localhost\');\n  socket.on(\'connect\', function(){\n    socket.on(\'event\', function(data){});\n    socket.on(\'disconnect\', function(){});\n  });\n</script>\n```\n\nSocket.IO is compatible with [browserify](http://browserify.org/).\n\n### Node.JS (server-side usage)\n\n  Add `socket.io-client` to your `package.json` and then:\n\n  ```js\n  var socket = require(\'socket.io-client\')(\'http://localhost\');\n  socket.on(\'connect\', function(){\n    socket.on(\'event\', function(data){});\n    socket.on(\'disconnect\', function(){});\n  });\n  ```\n\n## API\n\n### IO(url:String, opts:Object):Socket\n\n  Exposed as the `io` namespace in the standalone build, or the result\n  of calling `require(\'socket.io-client\')`.\n\n  When called, it creates a new `Manager` for the given URL, and attempts\n  to reuse an existing `Manager` for subsequent calls, unless the\n  `multiplex` option is passed with `false`.\n\n  The rest of the options are passed to the `Manager` constructor (see below\n  for details).\n\n  A `Socket` instance is returned for the namespace specified by the\n  pathname in the URL, defaulting to `/`. For example, if the `url` is\n  `http://localhost/users`, a transport connection will be established to\n  `http://localhost` and a Socket.IO connection will be established to\n  `/users`.\n\n### IO#protocol\n\n  Socket.io protocol revision number this client works with.\n\n### IO#Socket\n\n  Reference to the `Socket` constructor.\n\n### IO#Manager\n\n  Reference to the `Manager` constructor.\n\n### IO#Emitter\n\n  Reference to the `Emitter` constructor.\n\n### Manager(url:String, opts:Object)\n\n  A `Manager` represents a connection to a given Socket.IO server. One or\n  more `Socket` instances are associated with the manager. The manager\n  can be accessed through the `io` property of each `Socket` instance.\n\n  The `opts` are also passed to `engine.io` upon initialization of the\n  underlying `Socket`.\n\n  Options:\n  - `reconnection` whether to reconnect automatically (`true`)\n  - `reconnectionDelay` how long to wait before attempting a new\n    reconnection (`1000`)\n  - `reconnectionDelayMax` maximum amount of time to wait between\n    reconnections (`5000`). Each attempt increases the reconnection by\n    the amount specified by `reconnectionDelay`.\n  - `timeout` connection timeout before a `connect_error`\n    and `connect_timeout` events are emitted (`20000`)\n\n#### Events\n\n  - `connect`. Fired upon a successful connection.\n  - `connect_error`. Fired upon a connection error.\n    Parameters:\n      - `Object` error object\n  - `connect_timeout`. Fired upon a connection timeout.\n  - `reconnect`. Fired upon a successful reconnection.\n    Parameters:\n      - `Number` reconnection attempt number\n  - `reconnect_attempt`. Fired upon an attempt to reconnect.\n  - `reconnecting`. Fired upon an attempt to reconnect.\n    Parameters:\n      - `Number` reconnection attempt number\n  - `reconnect_error`. Fired upon a reconnection attempt error.\n    Parameters:\n      - `Object` error object\n  - `reconnect_failed`. Fired when couldn\'t reconnect within `reconnectionAttempts`\n\nThe events above are also emitted on the individual sockets that\nreconnect that depend on this `Manager`.\n\n### Manager#reconnection(v:Boolean):Manager\n\n  Sets the `reconnection` option, or returns it if no parameters\n  are passed.\n\n### Manager#reconnectionAttempts(v:Boolean):Manager\n\n  Sets the `reconnectionAttempts` option, or returns it if no parameters\n  are passed.\n\n### Manager#reconnectionDelay(v:Boolean):Manager\n\n  Sets the `reconectionDelay` option, or returns it if no parameters\n  are passed.\n\n### Manager#reconnectionDelayMax(v:Boolean):Manager\n\n  Sets the `reconectionDelayMax` option, or returns it if no parameters\n  are passed.\n\n### Manager#timeout(v:Boolean):Manager\n\n  Sets the `timeout` option, or returns it if no parameters\n  are passed.\n\n### Socket\n\n#### Events\n\n  - `connect`. Fired upon connecting.\n  - `error`. Fired upon a connection error\n    Parameters:\n      - `Object` error data\n  - `disconnect`. Fired upon a disconnection.\n  - `reconnect`. Fired upon a successful reconnection.\n    Parameters:\n      - `Number` reconnection attempt number\n  - `reconnect_attempt`. Fired upon an attempt to reconnect.\n  - `reconnecting`. Fired upon an attempt to reconnect.\n    Parameters:\n      - `Number` reconnection attempt number\n  - `reconnect_error`. Fired upon a reconnection attempt error.\n    Parameters:\n      - `Object` error object\n  - `reconnect_failed`. Fired when couldn\'t reconnect within `reconnectionAttempts`\n\n## License\n\nMIT\n',
36 silly resolved     readmeFilename: 'README.md',
36 silly resolved     description: '[![Build Status](https://secure.travis-ci.org/Automattic/socket.io-client.png)](http://travis-ci.org/Automattic/socket.io-client) [![NPM version](https://badge.fury.io/js/socket.io-client.png)](http://badge.fury.io/js/socket.io-client)',
36 silly resolved     bugs: { url: 'https://github.com/LearnBoost/socket.io-client/issues' },
36 silly resolved     homepage: 'https://github.com/LearnBoost/socket.io-client',
36 silly resolved     _id: 'socket.io-client@1.0.6',
36 silly resolved     _shasum: 'c86cb3e507ab2f96da4500bd34fcf46a1e9dfe5e',
36 silly resolved     _from: 'socket.io-client@',
36 silly resolved     _resolved: 'https://registry.npmjs.org/socket.io-client/-/socket.io-client-1.0.6.tgz' } ]
37 info install socket.io-client@1.0.6 into /Users/davidboultbee
38 info installOne socket.io-client@1.0.6
39 info /Users/davidboultbee/node_modules/socket.io-client unbuild
40 info preuninstall socket.io-client@0.9.16
41 info uninstall socket.io-client@0.9.16
42 verbose true,/Users/davidboultbee/node_modules,/Users/davidboultbee/node_modules unbuild socket.io-client@0.9.16
43 info postuninstall socket.io-client@0.9.16
44 info /Users/davidboultbee/node_modules/socket.io-client unbuild
45 error error rolling back Error: EACCES, unlink '/Users/davidboultbee/node_modules/socket.io-client/node_modules/.bin/uglifyjs'
45 error error rolling back  socket.io-client@1.0.6 { [Error: EACCES, unlink '/Users/davidboultbee/node_modules/socket.io-client/node_modules/.bin/uglifyjs']
45 error error rolling back   errno: 3,
45 error error rolling back   code: 'EACCES',
45 error error rolling back   path: '/Users/davidboultbee/node_modules/socket.io-client/node_modules/.bin/uglifyjs' }
46 error Error: EACCES, unlink '/Users/davidboultbee/node_modules/socket.io-client/node_modules/.bin/uglifyjs'
46 error  { [Error: EACCES, unlink '/Users/davidboultbee/node_modules/socket.io-client/node_modules/.bin/uglifyjs']
46 error   errno: 3,
46 error   code: 'EACCES',
46 error   path: '/Users/davidboultbee/node_modules/socket.io-client/node_modules/.bin/uglifyjs' }
47 error Please try running this command again as root/Administrator.
48 error System Darwin 13.3.0
49 error command "node" "/usr/local/bin/npm" "install" "socket.io-client"
50 error cwd /Users/davidboultbee/Google Drive/Documents/Art/Works/Melas Digital Artist/apps/git/slyncstagram
51 error node -v v0.10.24
52 error npm -v 1.4.7
53 error path /Users/davidboultbee/node_modules/socket.io-client/node_modules/.bin/uglifyjs
54 error code EACCES
55 error errno 3
56 error stack Error: EACCES, unlink '/Users/davidboultbee/node_modules/socket.io-client/node_modules/.bin/uglifyjs'
57 verbose exit [ 3, true ]
